# JRE version: Java(TM) SE Runtime Environment (10.0.2+13) (build 10.0.2+13)
# Java VM: Java HotSpot(TM) 64-Bit Server VM (10.0.2+13, mixed mode, tiered, compressed oops, g1 gc, bsd-amd64)
Heap:
 garbage-first heap   total 131072K, used 32757K [0x0000000740000000, 0x00000007c0000000)
  region size 1024K, 13 young (13312K), 7 survivors (7168K)
 Metaspace       used 34177K, capacity 35702K, committed 36220K, reserved 1081344K
  class space    used 4275K, capacity 4970K, committed 4992K, reserved 1048576K
GC Heap History (10 events):
Event: 88.980 GC heap before
{Heap before GC invocations=11 (full 0):
 garbage-first heap   total 131072K, used 92377K [0x0000000740000000, 0x00000007c0000000)
  region size 1024K, 76 young (77824K), 6 survivors (6144K)
 Metaspace       used 34158K, capacity 35701K, committed 36220K, reserved 1081344K
  class space    used 4275K, capacity 4970K, committed 4992K, reserved 1048576K
}
Event: 88.992 GC heap after
{Heap after GC invocations=12 (full 0):
 garbage-first heap   total 131072K, used 22329K [0x0000000740000000, 0x00000007c0000000)
  region size 1024K, 7 young (7168K), 7 survivors (7168K)
 Metaspace       used 34158K, capacity 35701K, committed 36220K, reserved 1081344K
  class space    used 4275K, capacity 4970K, committed 4992K, reserved 1048576K
}
Event: 89.197 GC heap before
{Heap before GC invocations=12 (full 0):
 garbage-first heap   total 131072K, used 92985K [0x0000000740000000, 0x00000007c0000000)
  region size 1024K, 76 young (77824K), 7 survivors (7168K)
 Metaspace       used 34158K, capacity 35701K, committed 36220K, reserved 1081344K
  class space    used 4275K, capacity 4970K, committed 4992K, reserved 1048576K
}
Event: 89.211 GC heap after
{Heap after GC invocations=13 (full 0):
 garbage-first heap   total 131072K, used 23556K [0x0000000740000000, 0x00000007c0000000)
  region size 1024K, 6 young (6144K), 6 survivors (6144K)
 Metaspace       used 34158K, capacity 35701K, committed 36220K, reserved 1081344K
  class space    used 4275K, capacity 4970K, committed 4992K, reserved 1048576K
}
Event: 89.395 GC heap before
{Heap before GC invocations=13 (full 0):
 garbage-first heap   total 131072K, used 95236K [0x0000000740000000, 0x00000007c0000000)
  region size 1024K, 76 young (77824K), 6 survivors (6144K)
 Metaspace       used 34161K, capacity 35701K, committed 36220K, reserved 1081344K
  class space    used 4275K, capacity 4970K, committed 4992K, reserved 1048576K
}
Event: 89.408 GC heap after
{Heap after GC invocations=14 (full 0):
 garbage-first heap   total 131072K, used 24937K [0x0000000740000000, 0x00000007c0000000)
  region size 1024K, 6 young (6144K), 6 survivors (6144K)
 Metaspace       used 34161K, capacity 35701K, committed 36220K, reserved 1081344K
  class space    used 4275K, capacity 4970K, committed 4992K, reserved 1048576K
}
Event: 89.570 GC heap before
{Heap before GC invocations=14 (full 0):
 garbage-first heap   total 131072K, used 96617K [0x0000000740000000, 0x00000007c0000000)
  region size 1024K, 76 young (77824K), 6 survivors (6144K)
 Metaspace       used 34165K, capacity 35701K, committed 36220K, reserved 1081344K
  class space    used 4275K, capacity 4970K, committed 4992K, reserved 1048576K
}
Event: 89.584 GC heap after
{Heap after GC invocations=15 (full 0):
 garbage-first heap   total 131072K, used 26237K [0x0000000740000000, 0x00000007c0000000)
  region size 1024K, 6 young (6144K), 6 survivors (6144K)
 Metaspace       used 34165K, capacity 35701K, committed 36220K, reserved 1081344K
  class space    used 4275K, capacity 4970K, committed 4992K, reserved 1048576K
}
Event: 89.740 GC heap before
{Heap before GC invocations=15 (full 0):
 garbage-first heap   total 131072K, used 97917K [0x0000000740000000, 0x00000007c0000000)
  region size 1024K, 76 young (77824K), 6 survivors (6144K)
 Metaspace       used 34165K, capacity 35701K, committed 36220K, reserved 1081344K
  class space    used 4275K, capacity 4970K, committed 4992K, reserved 1048576K
}
Event: 89.752 GC heap after
{Heap after GC invocations=16 (full 0):
 garbage-first heap   total 131072K, used 27637K [0x0000000740000000, 0x00000007c0000000)
  region size 1024K, 7 young (7168K), 7 survivors (7168K)
 Metaspace       used 34165K, capacity 35701K, committed 36220K, reserved 1081344K
  class space    used 4275K, capacity 4970K, committed 4992K, reserved 1048576K
}

