# JRE version: Java(TM) SE Runtime Environment (10.0.2+13) (build 10.0.2+13)
# Java VM: Java HotSpot(TM) 64-Bit Server VM (10.0.2+13, mixed mode, tiered, compressed oops, g1 gc, bsd-amd64)
Heap:
 garbage-first heap   total 222208K, used 80746K [0x0000000740000000, 0x00000007c0000000)
  region size 1024K, 51 young (52224K), 11 survivors (11264K)
 Metaspace       used 34510K, capacity 36071K, committed 36560K, reserved 1081344K
  class space    used 4268K, capacity 4963K, committed 4992K, reserved 1048576K
GC Heap History (10 events):
Event: 84.207 GC heap before
{Heap before GC invocations=28 (full 0):
 garbage-first heap   total 222208K, used 161127K [0x0000000740000000, 0x00000007c0000000)
  region size 1024K, 130 young (133120K), 6 survivors (6144K)
 Metaspace       used 34509K, capacity 36071K, committed 36560K, reserved 1081344K
  class space    used 4268K, capacity 4963K, committed 4992K, reserved 1048576K
}
Event: 84.219 GC heap after
{Heap after GC invocations=29 (full 0):
 garbage-first heap   total 222208K, used 35640K [0x0000000740000000, 0x00000007c0000000)
  region size 1024K, 8 young (8192K), 8 survivors (8192K)
 Metaspace       used 34509K, capacity 36071K, committed 36560K, reserved 1081344K
  class space    used 4268K, capacity 4963K, committed 4992K, reserved 1048576K
}
Event: 84.388 GC heap before
{Heap before GC invocations=29 (full 0):
 garbage-first heap   total 222208K, used 160568K [0x0000000740000000, 0x00000007c0000000)
  region size 1024K, 130 young (133120K), 8 survivors (8192K)
 Metaspace       used 34510K, capacity 36071K, committed 36560K, reserved 1081344K
  class space    used 4268K, capacity 4963K, committed 4992K, reserved 1048576K
}
Event: 84.403 GC heap after
{Heap after GC invocations=30 (full 0):
 garbage-first heap   total 222208K, used 36566K [0x0000000740000000, 0x00000007c0000000)
  region size 1024K, 9 young (9216K), 9 survivors (9216K)
 Metaspace       used 34510K, capacity 36071K, committed 36560K, reserved 1081344K
  class space    used 4268K, capacity 4963K, committed 4992K, reserved 1048576K
}
Event: 84.567 GC heap before
{Heap before GC invocations=30 (full 0):
 garbage-first heap   total 222208K, used 160470K [0x0000000740000000, 0x00000007c0000000)
  region size 1024K, 130 young (133120K), 9 survivors (9216K)
 Metaspace       used 34510K, capacity 36071K, committed 36560K, reserved 1081344K
  class space    used 4268K, capacity 4963K, committed 4992K, reserved 1048576K
}
Event: 84.582 GC heap after
{Heap after GC invocations=31 (full 0):
 garbage-first heap   total 222208K, used 38386K [0x0000000740000000, 0x00000007c0000000)
  region size 1024K, 10 young (10240K), 10 survivors (10240K)
 Metaspace       used 34510K, capacity 36071K, committed 36560K, reserved 1081344K
  class space    used 4268K, capacity 4963K, committed 4992K, reserved 1048576K
}
Event: 84.739 GC heap before
{Heap before GC invocations=31 (full 0):
 garbage-first heap   total 222208K, used 161266K [0x0000000740000000, 0x00000007c0000000)
  region size 1024K, 130 young (133120K), 10 survivors (10240K)
 Metaspace       used 34510K, capacity 36071K, committed 36560K, reserved 1081344K
  class space    used 4268K, capacity 4963K, committed 4992K, reserved 1048576K
}
Event: 84.758 GC heap after
{Heap after GC invocations=32 (full 0):
 garbage-first heap   total 222208K, used 39571K [0x0000000740000000, 0x00000007c0000000)
  region size 1024K, 9 young (9216K), 9 survivors (9216K)
 Metaspace       used 34510K, capacity 36071K, committed 36560K, reserved 1081344K
  class space    used 4268K, capacity 4963K, committed 4992K, reserved 1048576K
}
Event: 84.921 GC heap before
{Heap before GC invocations=32 (full 0):
 garbage-first heap   total 222208K, used 163475K [0x0000000740000000, 0x00000007c0000000)
  region size 1024K, 130 young (133120K), 9 survivors (9216K)
 Metaspace       used 34510K, capacity 36071K, committed 36560K, reserved 1081344K
  class space    used 4268K, capacity 4963K, committed 4992K, reserved 1048576K
}
Event: 84.940 GC heap after
{Heap after GC invocations=33 (full 0):
 garbage-first heap   total 222208K, used 40810K [0x0000000740000000, 0x00000007c0000000)
  region size 1024K, 11 young (11264K), 11 survivors (11264K)
 Metaspace       used 34510K, capacity 36071K, committed 36560K, reserved 1081344K
  class space    used 4268K, capacity 4963K, committed 4992K, reserved 1048576K
}

